<?xml version="1.0" encoding="UTF-8"?>
<testng-results skipped="0" failed="0" ignored="0" total="1" passed="1">
  <reporter-output>
  </reporter-output>
  <suite name="Default suite" duration-ms="34086" started-at="2017-06-21T13:07:23Z" finished-at="2017-06-21T13:07:57Z">
    <groups>
    </groups>
    <test name="Default test" duration-ms="34086" started-at="2017-06-21T13:07:23Z" finished-at="2017-06-21T13:07:57Z">
      <class name="testCases.TC_001">
        <test-method status="PASS" signature="StartBrowser()[pri:0, instance:testCases.TC_001@6d4b1c02]" name="StartBrowser" is-config="true" duration-ms="6041" started-at="2017-06-21T18:37:17Z" finished-at="2017-06-21T18:37:23Z">
          <reporter-output>
          </reporter-output>
        </test-method> <!-- StartBrowser -->
        <test-method status="PASS" signature="testexcel()[pri:1, instance:testCases.TC_001@6d4b1c02]" name="testexcel" duration-ms="34077" started-at="2017-06-21T18:37:23Z" finished-at="2017-06-21T18:37:57Z">
          <reporter-output>
          </reporter-output>
        </test-method> <!-- testexcel -->
        <test-method status="FAIL" signature="EndBrowser()[pri:0, instance:testCases.TC_001@6d4b1c02]" name="EndBrowser" is-config="true" duration-ms="0" started-at="2017-06-21T18:37:57Z" finished-at="2017-06-21T18:37:57Z">
          <exception class="java.lang.NullPointerException">
            <full-stacktrace>
              <![CDATA[java.lang.NullPointerException
	at base.CreateDriver.EndBrowser(CreateDriver.java:40)
	at sun.reflect.NativeMethodAccessorImpl.invoke0(Native Method)
	at sun.reflect.NativeMethodAccessorImpl.invoke(Unknown Source)
	at sun.reflect.DelegatingMethodAccessorImpl.invoke(Unknown Source)
	at java.lang.reflect.Method.invoke(Unknown Source)
	at org.testng.internal.MethodInvocationHelper.invokeMethod(MethodInvocationHelper.java:104)
	at org.testng.internal.Invoker.invokeConfigurationMethod(Invoker.java:515)
	at org.testng.internal.Invoker.invokeConfigurations(Invoker.java:217)
	at org.testng.internal.Invoker.invokeConfigurations(Invoker.java:144)
	at org.testng.SuiteRunner.privateRun(SuiteRunner.java:357)
	at org.testng.SuiteRunner.run(SuiteRunner.java:289)
	at org.testng.SuiteRunnerWorker.runSuite(SuiteRunnerWorker.java:52)
	at org.testng.SuiteRunnerWorker.run(SuiteRunnerWorker.java:86)
	at org.testng.TestNG.runSuitesSequentially(TestNG.java:1293)
	at org.testng.TestNG.runSuitesLocally(TestNG.java:1218)
	at org.testng.TestNG.runSuites(TestNG.java:1133)
	at org.testng.TestNG.run(TestNG.java:1104)
	at org.testng.remote.AbstractRemoteTestNG.run(AbstractRemoteTestNG.java:132)
	at org.testng.remote.RemoteTestNG.initAndRun(RemoteTestNG.java:230)
	at org.testng.remote.RemoteTestNG.main(RemoteTestNG.java:76)
]]>
            </full-stacktrace>
          </exception> <!-- java.lang.NullPointerException -->
          <reporter-output>
          </reporter-output>
        </test-method> <!-- EndBrowser -->
      </class> <!-- testCases.TC_001 -->
    </test> <!-- Default test -->
  </suite> <!-- Default suite -->
</testng-results>
